<?xml version="1.0" encoding="UTF-8"?>
<!-- Generated by org.testng.reporters.JUnitReportReporter -->
<testsuite hostname="LAPTOP-SAU4SO6D" failures="0" tests="1" name="testClass" time="3.690" errors="0" timestamp="16 Jun. 2024 05:26:22 GMT" skipped="0">
  <testcase classname="testClass" name="myMethod" time="3.690"/>
</testsuite> <!-- testClass -->
