<?xml version="1.0" encoding="UTF-8"?>
<!-- Generated by org.testng.reporters.JUnitReportReporter -->
<testsuite hostname="LAPTOP-SAU4SO6D" failures="0" tests="1" name="MyClassTest" time="4.495" errors="0" timestamp="27 Jun. 2024 01:38:56 GMT" skipped="0">
  <testcase classname="MyClassTest" name="myMethod" time="4.495"/>
</testsuite> <!-- MyClassTest -->
