<?xml version="1.0" encoding="UTF-8"?>
<!-- Generated by org.testng.reporters.JUnitReportReporter -->
<testsuite hostname="LAPTOP-SAU4SO6D" failures="0" tests="1" name="MyClassTest" time="3.588" errors="0" timestamp="16 Jun. 2024 05:30:59 GMT" skipped="0">
  <testcase classname="MyClassTest" name="myMethod" time="3.588"/>
</testsuite> <!-- MyClassTest -->
