<?xml version="1.0" encoding="UTF-8"?>
<!-- Generated by org.testng.reporters.JUnitReportReporter -->
<testsuite hostname="LAPTOP-SAU4SO6D" failures="0" tests="1" name="MyClassTest" time="5.759" errors="0" timestamp="27 Jun. 2024 14:54:43 GMT" skipped="0">
  <testcase classname="MyClassTest" name="myMethod" time="5.759"/>
</testsuite> <!-- MyClassTest -->
